#
# There is insufficient memory for the Java Runtime Environment to continue.
# Native memory allocation (mmap) failed to map 67108864 bytes for Failed to commit area from 0x00000000c1800000 to 0x00000000c5800000 of length 67108864.
# Possible reasons:
#   The system is out of physical RAM or swap space
#   The process is running with CompressedOops enabled, and the Java Heap may be blocking the growth of the native heap
# Possible solutions:
#   Reduce memory load on the system
#   Increase physical memory or swap space
#   Check if swap backing store is full
#   Decrease Java heap size (-Xmx/-Xms)
#   Decrease number of Java threads
#   Decrease Java thread stack sizes (-Xss)
#   Set larger code cache with -XX:ReservedCodeCacheSize=
# This output file may be truncated or incomplete.
#
#  Out of Memory Error (t:/workspace/open/src/hotspot/os/windows/os_windows.cpp:3269), pid=120, tid=16568
#
# JRE version:  (11.0+28) (build )
# Java VM: Java HotSpot(TM) 64-Bit Server VM (11+28, mixed mode, aot, sharing, tiered, compressed oops, g1 gc, windows-amd64)
# No core dump will be written. Minidumps are not enabled by default on client versions of Windows
#

---------------  S U M M A R Y ------------

Command Line: -Dfile.encoding=UTF-8 myMath.PolynomTest

Host: Intel(R) Core(TM) m3-7Y30 CPU @ 1.00GHz, 4 cores, 3G,  Windows 10 , 64 bit Build 18362 (10.0.18362.329)
Time: Mon Nov  4 20:40:54 2019 ???? ???? ??????? elapsed time: 0 seconds (0d 0h 0m 0s)

---------------  T H R E A D  ---------------

Current thread (0x00000218b05f7000):  JavaThread "Unknown thread" [_thread_in_vm, id=16568, stack(0x0000008857900000,0x0000008857a00000)]

Stack: [0x0000008857900000,0x0000008857a00000]
Native frames: (J=compiled Java code, j=interpreted, Vv=VM code, C=native code)
V  [jvm.dll+0x63c22a]
V  [jvm.dll+0x7797ef]
V  [jvm.dll+0x77adda]
V  [jvm.dll+0x77b493]
V  [jvm.dll+0x262818]
V  [jvm.dll+0x6396da]
V  [jvm.dll+0x62dfb5]
V  [jvm.dll+0x31699c]
V  [jvm.dll+0x316822]
V  [jvm.dll+0x31c096]
V  [jvm.dll+0x3684af]
V  [jvm.dll+0x367ed0]
V  [jvm.dll+0x2f38b8]
V  [jvm.dll+0x2f4a16]
V  [jvm.dll+0x752db7]
V  [jvm.dll+0x7544ff]
V  [jvm.dll+0x3752e9]
V  [jvm.dll+0x7394b9]
V  [jvm.dll+0x3e46fd]
V  [jvm.dll+0x3e69d1]
C  [java.exe+0x3603]
C  [java.exe+0x178dc]
C  [KERNEL32.DLL+0x17bd4]
C  [ntdll.dll+0x6ced1]


---------------  P R O C E S S  ---------------

Threads class SMR info:
_java_thread_list=0x00000218ae4e29f0, length=0, elements={
}

Java Threads: ( => current thread )

Other Threads:
  0x00000218b060f800 GCTaskThread "GC Thread#0" [stack: 0x0000008857a00000,0x0000008857b00000] [id=9200]
  0x00000218b062c000 ConcurrentGCThread "G1 Main Marker" [stack: 0x0000008857b00000,0x0000008857c00000] [id=9932]
  0x00000218b062e800 ConcurrentGCThread "G1 Conc#0" [stack: 0x0000008857c00000,0x0000008857d00000] [id=17032]

[error occurred during error reporting (printing all threads), id 0xc0000005, EXCEPTION_ACCESS_VIOLATION (0xc0000005) at pc=0x00007ffe565a2137]

VM state:not at safepoint (not fully initialized)

VM Mutex/Monitor currently owned by a thread:  ([mutex/lock_event])
[0x00000218b05f6270] Heap_lock - owner thread: 0x00000218b05f7000

Heap address: 0x00000000c1800000, size: 1000 MB, Compressed Oops mode: Non-zero based: 0x00000000c1800000
Narrow klass base: 0x0000000000000000, Narrow klass shift: 0

GC Heap History (0 events):
No events

Deoptimization events (0 events):
No events

Classes redefined (0 events):
No events

Internal exceptions (0 events):
No events

Events (0 events):
No events


Dynamic libraries:
0x00007ff797320000 - 0x00007ff797367000 	C:\Program Files\Java\jdk-11\bin\java.exe
0x00007ffede5e0000 - 0x00007ffede7d0000 	C:\WINDOWS\SYSTEM32\ntdll.dll
0x00007ffed0180000 - 0x00007ffed0194000 	C:\Program Files\AVG\Antivirus\aswhook.dll
0x00007ffedddc0000 - 0x00007ffedde72000 	C:\WINDOWS\System32\KERNEL32.DLL
0x00007ffedc090000 - 0x00007ffedc333000 	C:\WINDOWS\System32\KERNELBASE.dll
0x00007ffede2e0000 - 0x00007ffede383000 	C:\WINDOWS\System32\ADVAPI32.dll
0x00007ffedc690000 - 0x00007ffedc72e000 	C:\WINDOWS\System32\msvcrt.dll
0x00007ffeddee0000 - 0x00007ffeddf77000 	C:\WINDOWS\System32\sechost.dll
0x00007ffedcc90000 - 0x00007ffedcdb0000 	C:\WINDOWS\System32\RPCRT4.dll
0x00007ffeddf80000 - 0x00007ffede114000 	C:\WINDOWS\System32\USER32.dll
0x00007ffedc640000 - 0x00007ffedc661000 	C:\WINDOWS\System32\win32u.dll
0x00007ffede150000 - 0x00007ffede176000 	C:\WINDOWS\System32\GDI32.dll
0x00007ffedb650000 - 0x00007ffedb7e4000 	C:\WINDOWS\System32\gdi32full.dll
0x00007ffedb870000 - 0x00007ffedb90e000 	C:\WINDOWS\System32\msvcp_win.dll
0x00007ffedc340000 - 0x00007ffedc43a000 	C:\WINDOWS\System32\ucrtbase.dll
0x00007ffec2b90000 - 0x00007ffec2e15000 	C:\WINDOWS\WinSxS\amd64_microsoft.windows.common-controls_6595b64144ccf1df_6.0.18362.418_none_e6c6b287130d565d\COMCTL32.dll
0x00007ffedcde0000 - 0x00007ffedd116000 	C:\WINDOWS\System32\combase.dll
0x00007ffedb5d0000 - 0x00007ffedb650000 	C:\WINDOWS\System32\bcryptPrimitives.dll
0x00007ffed78f0000 - 0x00007ffed78fa000 	C:\WINDOWS\SYSTEM32\VERSION.dll
0x00007ffedcdb0000 - 0x00007ffedcdde000 	C:\WINDOWS\System32\IMM32.DLL
0x00007ffec27e0000 - 0x00007ffec27f6000 	C:\Program Files\Java\jdk-11\bin\vcruntime140.dll
0x00007ffea5bf0000 - 0x00007ffea5c9a000 	C:\Program Files\Java\jdk-11\bin\msvcp140.dll
0x00007ffe562a0000 - 0x00007ffe56de2000 	C:\Program Files\Java\jdk-11\bin\server\jvm.dll
0x00007ffedd120000 - 0x00007ffedd128000 	C:\WINDOWS\System32\PSAPI.DLL
0x00007ffec6b30000 - 0x00007ffec6b39000 	C:\WINDOWS\SYSTEM32\WSOCK32.dll
0x00007ffede270000 - 0x00007ffede2df000 	C:\WINDOWS\System32\WS2_32.dll
0x00007ffed9320000 - 0x00007ffed9344000 	C:\WINDOWS\SYSTEM32\WINMM.dll
0x00007ffed92f0000 - 0x00007ffed931d000 	C:\WINDOWS\SYSTEM32\WINMMBASE.dll
0x00007ffedb820000 - 0x00007ffedb86a000 	C:\WINDOWS\System32\cfgmgr32.dll
0x00007ffedb510000 - 0x00007ffedb521000 	C:\WINDOWS\System32\kernel.appcore.dll
0x00007ffec17c0000 - 0x00007ffec17d1000 	C:\Program Files\Java\jdk-11\bin\verify.dll
0x00007ffeccc00000 - 0x00007ffeccdf4000 	C:\WINDOWS\SYSTEM32\DBGHELP.DLL
0x00007ffecc960000 - 0x00007ffecc98a000 	C:\WINDOWS\SYSTEM32\dbgcore.DLL
0x00007ffec14b0000 - 0x00007ffec14d9000 	C:\Program Files\Java\jdk-11\bin\java.dll
0x00007ffebc280000 - 0x00007ffebc296000 	C:\Program Files\Java\jdk-11\bin\zip.dll
0x00007ffece040000 - 0x00007ffece04a000 	C:\Program Files\Java\jdk-11\bin\jimage.dll

dbghelp: loaded successfully - version: 4.0.5 - missing functions: none
symbol engine: initialized successfully - sym options: 0x614 - pdb path: .;C:\Program Files\Java\jdk-11\bin;C:\WINDOWS\SYSTEM32;C:\Program Files\AVG\Antivirus;C:\WINDOWS\WinSxS\amd64_microsoft.windows.common-controls_6595b64144ccf1df_6.0.18362.418_none_e6c6b287130d565d;C:\Program Files\Java\jdk-11\bin\server

VM Arguments:
jvm_args: -Dfile.encoding=UTF-8 
java_command: myMath.PolynomTest
java_class_path (initial): C:\Users\elone\AppData\Roaming\Code\User\workspaceStorage\6e56f5831ef5e648a7beb8b993b966ce\redhat.java\jdt_ws\jdt.ls-java-project\bin
Launcher Type: SUN_STANDARD

[Global flags]
     intx CICompilerCount                          = 3                                         {product} {ergonomic}
     uint ConcGCThreads                            = 1                                         {product} {ergonomic}
     uint G1ConcRefinementThreads                  = 4                                         {product} {ergonomic}
   size_t G1HeapRegionSize                         = 1048576                                   {product} {ergonomic}
    uintx GCDrainStackTargetSize                   = 64                                        {product} {ergonomic}
   size_t InitialHeapSize                          = 67108864                                  {product} {ergonomic}
   size_t MarkStackSize                            = 4194304                                   {product} {ergonomic}
   size_t MaxHeapSize                              = 1048576000                                {product} {ergonomic}
   size_t MinHeapDeltaBytes                        = 1048576                                   {product} {ergonomic}
    uintx NonNMethodCodeHeapSize                   = 5830092                                {pd product} {ergonomic}
    uintx NonProfiledCodeHeapSize                  = 122914074                              {pd product} {ergonomic}
    uintx ProfiledCodeHeapSize                     = 122914074                              {pd product} {ergonomic}
    uintx ReservedCodeCacheSize                    = 251658240                              {pd product} {ergonomic}
     bool SegmentedCodeCache                       = true                                      {product} {ergonomic}
     bool UseCompressedClassPointers               = true                                 {lp64_product} {ergonomic}
     bool UseCompressedOops                        = true                                 {lp64_product} {ergonomic}
     bool UseG1GC                                  = true                                      {product} {ergonomic}
     bool UseLargePagesIndividualAllocation        = false                                  {pd product} {ergonomic}

Logging:
Log output configuration:
 #0: stdout all=warning uptime,level,tags
 #1: stderr all=off uptime,level,tags

Environment Variables:
PATH=C:\Program Files\Git\mingw64\bin;C:\Program Files\Git\usr\bin;C:\Users\elone\bin;C:\Program Files (x86)\Common Files\Oracle\Java\javapath;C:\Program Files (x86)\Intel\iCLS Client;C:\Program Files\Intel\iCLS Client;C:\WINDOWS\system32;C:\WINDOWS;C:\WINDOWS\System32\Wbem;C:\WINDOWS\System32\WindowsPowerShell\v1.0;C:\Program Files (x86)\Intel\Intel(R) Management Engine Components\DAL;C:\Program Files\Intel\Intel(R) Management Engine Components\DAL;C:\Program Files (x86)\Intel\Intel(R) Management Engine Components\IPT;C:\Program Files\Intel\Intel(R) Management Engine Components\IPT;C:\WINDOWS\System32\OpenSSH;C:\Program Files\nodejs;C:\Program Files\Git\cmd;C:\Program Files\Microsoft Network Monitor 3;C:\Users\elone\AppData\Local\Microsoft\WindowsApps;C:\Users\elone\AppData\Local\Programs\Microsoft VS Code\bin;C:\Users\elone\AppData\Roaming\npm;C:\Users\elone\AppData\Local\GitHubDesktop\bin;%USERPROFILE%\AppData\Local\Microsoft\WindowsApps
USERNAME=elone
OS=Windows_NT
PROCESSOR_IDENTIFIER=Intel64 Family 6 Model 142 Stepping 9, GenuineIntel



---------------  S Y S T E M  ---------------

OS: Windows 10 , 64 bit Build 18362 (10.0.18362.329)

CPU:total 4 (initial active 4) (2 cores per cpu, 2 threads per core) family 6 model 142 stepping 9, cmov, cx8, fxsr, mmx, sse, sse2, sse3, ssse3, sse4.1, sse4.2, popcnt, avx, avx2, aes, clmul, erms, 3dnowpref, lzcnt, ht, tsc, tscinvbit, bmi1, bmi2, adx, fma

Memory: 4k page, system-wide physical 3997M (199M free)
TotalPageFile size 11361M (AvailPageFile size 6M)
current process WorkingSet (physical memory assigned to process): 9M, peak: 9M
current process commit charge ("private bytes"): 51M, peak: 115M

vm_info: Java HotSpot(TM) 64-Bit Server VM (11+28) for windows-amd64 JRE (11+28), built on Aug 23 2018 03:03:59 by "mach5one" with MS VC++ 15.5 (VS2017)

END.
